#-----------------------------------------------------------
# Vivado v2019.2 (64-bit)
# SW Build 2708876 on Wed Nov  6 21:40:23 MST 2019
# IP Build 2700528 on Thu Nov  7 00:09:20 MST 2019
# Start of session at: Thu Jan 20 15:53:57 2022
# Process ID: 1956
# Current directory: C:/Users/ysfyi/Desktop/pldlab_project/q_7
# Command line: vivado.exe -gui_launcher_event rodinguilauncherevent15792 C:\Users\ysfyi\Desktop\pldlab_project\q_7\q_7.xpr
# Log file: C:/Users/ysfyi/Desktop/pldlab_project/q_7/vivado.log
# Journal file: C:/Users/ysfyi/Desktop/pldlab_project/q_7\vivado.jou
#-----------------------------------------------------------
start_gui
open_project C:/Users/ysfyi/Desktop/pldlab_project/q_7/q_7.xpr
Scanning sources...
Finished scanning sources
INFO: [IP_Flow 19-234] Refreshing IP repositories
INFO: [IP_Flow 19-1704] No user IP repositories specified
INFO: [IP_Flow 19-2313] Loaded Vivado IP repository 'D:/Xilinx/Vivado/2019.2/data/ip'.
open_project: Time (s): cpu = 00:00:13 ; elapsed = 00:00:06 . Memory (MB): peak = 964.789 ; gain = 279.164
update_compile_order -fileset sources_1
launch_simulation
Command: launch_simulation 
INFO: [Vivado 12-5682] Launching behavioral simulation in 'C:/Users/ysfyi/Desktop/pldlab_project/q_7/q_7.sim/sim_1/behav/xsim'
INFO: [SIM-utils-51] Simulation object is 'sim_1'
INFO: [SIM-utils-54] Inspecting design source files for 'q7_top' in fileset 'sim_1'...
INFO: [USF-XSim-97] Finding global include files...
INFO: [USF-XSim-98] Fetching design files from 'sim_1'...
INFO: [USF-XSim-2] XSim::Compile design
INFO: [USF-XSim-61] Executing 'COMPILE and ANALYZE' step in 'C:/Users/ysfyi/Desktop/pldlab_project/q_7/q_7.sim/sim_1/behav/xsim'
"xvhdl --incr --relax -prj q7_top_vhdl.prj"
INFO: [VRFC 10-163] Analyzing VHDL file "C:/Users/ysfyi/Desktop/pldlab_project/q_7/q_7.srcs/sources_1/new/bcd_to_disp.vhd" into library xil_defaultlib
INFO: [VRFC 10-3107] analyzing entity 'bcd_to_disp'
INFO: [VRFC 10-163] Analyzing VHDL file "C:/Users/ysfyi/Desktop/pldlab_project/q_7/q_7.srcs/sources_1/new/full_adder.vhd" into library xil_defaultlib
INFO: [VRFC 10-3107] analyzing entity 'full_adder'
INFO: [VRFC 10-163] Analyzing VHDL file "C:/Users/ysfyi/Desktop/pldlab_project/q_7/q_7.srcs/sources_1/new/n_bit_adder.vhd" into library xil_defaultlib
INFO: [VRFC 10-3107] analyzing entity 'n_bit_adder'
INFO: [VRFC 10-163] Analyzing VHDL file "C:/Users/ysfyi/Desktop/pldlab_project/q_7/q_7.srcs/sources_1/new/q7_top.vhd" into library xil_defaultlib
INFO: [VRFC 10-3107] analyzing entity 'q7_top'
INFO: [USF-XSim-69] 'compile' step finished in '1' seconds
INFO: [USF-XSim-3] XSim::Elaborate design
INFO: [USF-XSim-61] Executing 'ELABORATE' step in 'C:/Users/ysfyi/Desktop/pldlab_project/q_7/q_7.sim/sim_1/behav/xsim'
"xelab -wto cef97fd6b12145518cb11ed4d93db950 --incr --debug typical --relax --mt 2 -L xil_defaultlib -L secureip --snapshot q7_top_behav xil_defaultlib.q7_top -log elaborate.log"
Vivado Simulator 2019.2
Copyright 1986-1999, 2001-2019 Xilinx, Inc. All Rights Reserved.
Running: D:/Xilinx/Vivado/2019.2/bin/unwrapped/win64.o/xelab.exe -wto cef97fd6b12145518cb11ed4d93db950 --incr --debug typical --relax --mt 2 -L xil_defaultlib -L secureip --snapshot q7_top_behav xil_defaultlib.q7_top -log elaborate.log 
Using 2 slave threads.
Starting static elaboration
Completed static elaboration
Starting simulation data flow analysis
Completed simulation data flow analysis
Time Resolution for simulation is 1ps
Compiling package std.standard
Compiling package std.textio
Compiling package ieee.std_logic_1164
Compiling architecture behavioral of entity xil_defaultlib.full_adder [full_adder_default]
Compiling architecture behavioral of entity xil_defaultlib.n_bit_adder [n_bit_adder_default]
Compiling architecture behavioral of entity xil_defaultlib.bcd_to_disp [bcd_to_disp_default]
Compiling architecture behavioral of entity xil_defaultlib.q7_top
Built simulation snapshot q7_top_behav

****** Webtalk v2019.2 (64-bit)
  **** SW Build 2708876 on Wed Nov  6 21:40:23 MST 2019
  **** IP Build 2700528 on Thu Nov  7 00:09:20 MST 2019
    ** Copyright 1986-2019 Xilinx, Inc. All Rights Reserved.

source C:/Users/ysfyi/Desktop/pldlab_project/q_7/q_7.sim/sim_1/behav/xsim/xsim.dir/q7_top_behav/webtalk/xsim_webtalk.tcl -notrace
INFO: [Common 17-186] 'C:/Users/ysfyi/Desktop/pldlab_project/q_7/q_7.sim/sim_1/behav/xsim/xsim.dir/q7_top_behav/webtalk/usage_statistics_ext_xsim.xml' has been successfully sent to Xilinx on Thu Jan 20 15:54:29 2022. For additional details about this file, please refer to the WebTalk help file at D:/Xilinx/Vivado/2019.2/doc/webtalk_introduction.html.
INFO: [Common 17-206] Exiting Webtalk at Thu Jan 20 15:54:29 2022...
run_program: Time (s): cpu = 00:00:00 ; elapsed = 00:00:07 . Memory (MB): peak = 964.789 ; gain = 0.000
INFO: [USF-XSim-69] 'elaborate' step finished in '7' seconds
INFO: [USF-XSim-4] XSim::Simulate design
INFO: [USF-XSim-61] Executing 'SIMULATE' step in 'C:/Users/ysfyi/Desktop/pldlab_project/q_7/q_7.sim/sim_1/behav/xsim'
INFO: [USF-XSim-98] *** Running xsim
   with args "q7_top_behav -key {Behavioral:sim_1:Functional:q7_top} -tclbatch {q7_top.tcl} -log {simulate.log}"
INFO: [USF-XSim-8] Loading simulator feature
Vivado Simulator 2019.2
Time resolution is 1 ps
source q7_top.tcl
# set curr_wave [current_wave_config]
# if { [string length $curr_wave] == 0 } {
#   if { [llength [get_objects]] > 0} {
#     add_wave /
#     set_property needs_save false [current_wave_config]
#   } else {
#      send_msg_id Add_Wave-1 WARNING "No top level signals found. Simulator will start without a wave window. If you want to open a wave window go to 'File->New Waveform Configuration' or type 'create_wave_config' in the TCL console."
#   }
# }
# run 1000ns
INFO: [USF-XSim-96] XSim completed. Design snapshot 'q7_top_behav' loaded.
INFO: [USF-XSim-97] XSim simulation ran for 1000ns
launch_simulation: Time (s): cpu = 00:00:09 ; elapsed = 00:00:13 . Memory (MB): peak = 977.078 ; gain = 12.289
add_force {/q7_top/in_num_A_1} -radix hex {0 0ns}
add_force {/q7_top/in_num_A_2} -radix hex {0 0ns}
add_force {/q7_top/in_num_A_3} -radix hex {0 0ns}
add_force {/q7_top/in_num_A_0} -radix hex {1 0ns}
add_force {/q7_top/in_num_B_0} -radix hex {0 0ns}
add_force {/q7_top/in_num_B_1} -radix hex {1 0ns}
add_force {/q7_top/in_num_B_2} -radix hex {0 0ns}
add_force {/q7_top/in_num_B_3} -radix hex {0 0ns}
add_force {/q7_top/carry_in} -radix hex {0 0ns}
run 20 ns
close_sim
INFO: [Simtcl 6-16] Simulation closed
close_sim: Time (s): cpu = 00:00:02 ; elapsed = 00:00:07 . Memory (MB): peak = 993.949 ; gain = 1.598
exit
INFO: [Common 17-206] Exiting Vivado at Thu Jan 20 15:56:30 2022...
